<?xml version="1.0" encoding="UTF-8" ?>
<testsuite tests="4" failures="1" name="LevelsetHomeTest" time="3.044" errors="0" skipped="3">
  <properties>
[...]
</properties>
  <testcase classname="LevelsetHomeTest" name="setup" time="3.041">
    <failure message="The path to the driver executable must be set by the webdriver.chrome.driver system property; for more information, see https://github.com/SeleniumHQ/selenium/wiki/ChromeDriver. The latest version can be downloaded from http://chromedriver.storage.googleapis.com/index.html" type="java.lang.IllegalStateException">java.lang.IllegalStateException: The path to the driver executable must be set by the webdriver.chrome.driver system property; for more information, see https://github.com/SeleniumHQ/selenium/wiki/ChromeDriver. The latest version can be downloaded from http://chromedriver.storage.googleapis.com/index.html
	at com.google.common.base.Preconditions.checkState(Preconditions.java:847)
	at org.openqa.selenium.remote.service.DriverService.findExecutable(DriverService.java:134)
	at org.openqa.selenium.chrome.ChromeDriverService.access$000(ChromeDriverService.java:35)
	at org.openqa.selenium.chrome.ChromeDriverService$Builder.findDefaultExecutable(ChromeDriverService.java:159)
	at org.openqa.selenium.remote.service.DriverService$Builder.build(DriverService.java:355)
	at org.openqa.selenium.chrome.ChromeDriverService.createDefaultService(ChromeDriverService.java:94)
	at org.openqa.selenium.chrome.ChromeDriver.&lt;init&gt;(ChromeDriver.java:123)
	at LevelsetHomeTest.setup(LevelsetHomeTest.java:22)
</failure>
    <system-out>Configuring TestNG with: org.apache.maven.surefire.testng.conf.TestNG652Configurator@5e025e70
</system-out>
  </testcase>
  <testcase classname="LevelsetHomeTest" name="testLien" time="0">
    <skipped/>
  </testcase>
  <testcase classname="LevelsetHomeTest" name="testPreliminary" time="0">
    <skipped/>
  </testcase>
  <testcase classname="LevelsetHomeTest" name="teardown" time="0.003">
    <skipped/>
  </testcase>
</testsuite>